<?xml version="1.0" encoding="UTF-8"?>
<!-- Generated by org.testng.reporters.JUnitReportReporter -->
<testsuite hostname="DESKTOP-8H4Q2MK" failures="0" tests="1" name="tests.SlackTest" time="14.314" errors="0" timestamp="2022-03-26T19:55:24 EDT" skipped="0">
  <testcase classname="tests.SlackTest" name="slackAutomationChallenge" time="14.314"/>
  <system-out/>
</testsuite> <!-- tests.SlackTest -->
